CoffeeUser/app/build/intermediates/manifest_merge_blame_file/debug/manifest-merger-blame-debug-report.txt
1<?xml version="1.0" encoding="utf-8"?>
2<manifest xmlns:android="http://schemas.android.com/apk/res/android"
3    package="com.example.coffeeuser"
4    android:versionCode="1"
5    android:versionName="1.0" >
6
7    <uses-sdk
8        android:minSdkVersion="23"
8-->src\main\AndroidManifest.xml
9        android:targetSdkVersion="29" />
9-->src\main\AndroidManifest.xml
10
11    <uses-permission android:name="android.permission.INTERNET" />
11-->src\main\AndroidManifest.xml:5:5-67
11-->src\main\AndroidManifest.xml:5:22-64
12
13    <supports-screens
13-->src\main\AndroidManifest.xml:7:5-12:40
14        android:largeScreens="true"
14-->src\main\AndroidManifest.xml:8:9-36
15        android:normalScreens="true"
15-->src\main\AndroidManifest.xml:9:9-37
16        android:resizeable="true"
16-->src\main\AndroidManifest.xml:10:9-34
17        android:smallScreens="true"
17-->src\main\AndroidManifest.xml:11:9-36
18        android:xlargeScreens="true" />
18-->src\main\AndroidManifest.xml:12:9-37
19
20    <uses-permission android:name="android.permission.ACCESS_NETWORK_STATE" />
20-->[com.google.firebase:firebase-database:16.0.4] AndroidManifest.xml:22:5-79
20-->[com.google.firebase:firebase-database:16.0.4] AndroidManifest.xml:22:22-76
21
22    <application
22-->src\main\AndroidManifest.xml:14:5-55:19
23        android:allowBackup="true"
23-->src\main\AndroidManifest.xml:15:9-35
24        android:appComponentFactory="androidx.core.app.CoreComponentFactory"
24-->[androidx.core:core:1.0.1] AndroidManifest.xml:22:18-86
25        android:debuggable="true"
25-->src\main\AndroidManifest.xml:20:9-34
26        android:icon="@mipmap/ic_launcher"
26-->src\main\AndroidManifest.xml:16:9-43
27        android:label="@string/app_name"
27-->src\main\AndroidManifest.xml:17:9-41
28        android:roundIcon="@drawable/logo01"
28-->src\main\AndroidManifest.xml:18:9-45
29        android:supportsRtl="true"
29-->src\main\AndroidManifest.xml:19:9-35
30        android:testOnly="true"
31        android:theme="@style/AppTheme" >
31-->src\main\AndroidManifest.xml:21:9-40
32        <activity android:name="com.example.coffeeuser.favourite" />
32-->src\main\AndroidManifest.xml:22:9-56
32-->src\main\AndroidManifest.xml:22:19-44
33        <activity android:name="com.example.coffeeuser.OffersView" />
33-->src\main\AndroidManifest.xml:23:9-48
33-->src\main\AndroidManifest.xml:23:19-45
34        <activity
34-->src\main\AndroidManifest.xml:24:9-26:52
35            android:name="com.example.coffeeuser.Order"
35-->src\main\AndroidManifest.xml:25:13-34
36            android:screenOrientation="portrait" />
36-->src\main\AndroidManifest.xml:26:13-49
37        <activity
37-->src\main\AndroidManifest.xml:27:9-29:52
38            android:name="com.example.coffeeuser.AboutUs"
38-->src\main\AndroidManifest.xml:28:13-36
39            android:screenOrientation="portrait" />
39-->src\main\AndroidManifest.xml:29:13-49
40        <activity
40-->src\main\AndroidManifest.xml:30:9-32:52
41            android:name="com.example.coffeeuser.CoffeHome"
41-->src\main\AndroidManifest.xml:31:13-38
42            android:screenOrientation="portrait" />
42-->src\main\AndroidManifest.xml:32:13-49
43        <activity
43-->src\main\AndroidManifest.xml:33:9-35:52
44            android:name="com.example.coffeeuser.ListCoffee"
44-->src\main\AndroidManifest.xml:34:13-39
45            android:screenOrientation="portrait" />
45-->src\main\AndroidManifest.xml:35:13-49
46        <activity
46-->src\main\AndroidManifest.xml:36:9-39:59
47            android:name="com.example.coffeeuser.Slidemenu"
47-->src\main\AndroidManifest.xml:37:13-38
48            android:label="@string/title_activity_slidemenu"
48-->src\main\AndroidManifest.xml:38:13-61
49            android:theme="@style/AppTheme.NoActionBar" />
49-->src\main\AndroidManifest.xml:39:13-56
50        <activity
50-->src\main\AndroidManifest.xml:40:9-42:52
51            android:name="com.example.coffeeuser.SignUp"
51-->src\main\AndroidManifest.xml:41:13-35
52            android:screenOrientation="portrait" />
52-->src\main\AndroidManifest.xml:42:13-49
53        <activity
53-->src\main\AndroidManifest.xml:43:9-45:52
54            android:name="com.example.coffeeuser.UserLogIn"
54-->src\main\AndroidManifest.xml:44:13-38
55            android:screenOrientation="portrait" />
55-->src\main\AndroidManifest.xml:45:13-49
56        <activity
56-->src\main\AndroidManifest.xml:46:9-54:20
57            android:name="com.example.coffeeuser.MainActivity"
57-->src\main\AndroidManifest.xml:47:13-41
58            android:screenOrientation="portrait" >
58-->src\main\AndroidManifest.xml:48:13-49
59            <intent-filter>
59-->src\main\AndroidManifest.xml:49:13-53:29
60                <action android:name="android.intent.action.MAIN" />
60-->src\main\AndroidManifest.xml:50:17-69
60-->src\main\AndroidManifest.xml:50:25-66
61
62                <category android:name="android.intent.category.LAUNCHER" />
62-->src\main\AndroidManifest.xml:52:17-77
62-->src\main\AndroidManifest.xml:52:27-74
63            </intent-filter>
64        </activity>
65        <activity
65-->[com.google.firebase:firebase-auth:16.0.5] AndroidManifest.xml:24:9-31:50
66            android:name="com.google.firebase.auth.internal.FederatedSignInActivity"
66-->[com.google.firebase:firebase-auth:16.0.5] AndroidManifest.xml:25:13-85
67            android:excludeFromRecents="true"
67-->[com.google.firebase:firebase-auth:16.0.5] AndroidManifest.xml:26:13-46
68            android:exported="true"
68-->[com.google.firebase:firebase-auth:16.0.5] AndroidManifest.xml:27:13-36
69            android:launchMode="singleTask"
69-->[com.google.firebase:firebase-auth:16.0.5] AndroidManifest.xml:28:13-44
70            android:permission="com.google.firebase.auth.api.gms.permission.LAUNCH_FEDERATED_SIGN_IN"
70-->[com.google.firebase:firebase-auth:16.0.5] AndroidManifest.xml:29:13-102
71            android:theme="@android:style/Theme.Translucent.NoTitleBar" />
71-->[com.google.firebase:firebase-auth:16.0.5] AndroidManifest.xml:30:13-72
72
73        <service
73-->[com.google.firebase:firebase-auth:16.0.5] AndroidManifest.xml:33:9-39:19
74            android:name="com.google.firebase.components.ComponentDiscoveryService"
74-->[com.google.firebase:firebase-auth:16.0.5] AndroidManifest.xml:34:13-84
75            android:exported="false" >
75-->[com.google.firebase:firebase-auth:16.0.5] AndroidManifest.xml:35:13-37
76            <meta-data
76-->[com.google.firebase:firebase-auth:16.0.5] AndroidManifest.xml:36:13-38:85
77                android:name="com.google.firebase.components:com.google.firebase.auth.FirebaseAuthRegistrar"
77-->[com.google.firebase:firebase-auth:16.0.5] AndroidManifest.xml:37:17-109
78                android:value="com.google.firebase.components.ComponentRegistrar" />
78-->[com.google.firebase:firebase-auth:16.0.5] AndroidManifest.xml:38:17-82
79        </service>
80
81        <activity
81-->[com.google.android.gms:play-services-base:16.0.1] AndroidManifest.xml:23:9-26:75
82            android:name="com.google.android.gms.common.api.GoogleApiActivity"
82-->[com.google.android.gms:play-services-base:16.0.1] AndroidManifest.xml:24:13-79
83            android:exported="false"
83-->[com.google.android.gms:play-services-base:16.0.1] AndroidManifest.xml:25:13-37
84            android:theme="@android:style/Theme.Translucent.NoTitleBar" />
84-->[com.google.android.gms:play-services-base:16.0.1] AndroidManifest.xml:26:13-72
85
86        <provider
86-->[com.google.firebase:firebase-common:16.0.3] AndroidManifest.xml:10:9-14:39
87            android:name="com.google.firebase.provider.FirebaseInitProvider"
87-->[com.google.firebase:firebase-common:16.0.3] AndroidManifest.xml:11:13-77
88            android:authorities="com.example.coffeeuser.firebaseinitprovider"
88-->[com.google.firebase:firebase-common:16.0.3] AndroidManifest.xml:12:13-72
89            android:exported="false"
89-->[com.google.firebase:firebase-common:16.0.3] AndroidManifest.xml:13:13-37
90            android:initOrder="100" />
90-->[com.google.firebase:firebase-common:16.0.3] AndroidManifest.xml:14:13-36
91
92        <meta-data
92-->[com.google.android.gms:play-services-basement:16.1.0] AndroidManifest.xml:23:9-25:69
93            android:name="com.google.android.gms.version"
93-->[com.google.android.gms:play-services-basement:16.1.0] AndroidManifest.xml:24:13-58
94            android:value="@integer/google_play_services_version" />
94-->[com.google.android.gms:play-services-basement:16.1.0] AndroidManifest.xml:25:13-66
95
96        <provider
96-->[com.squareup.picasso:picasso:2.71828] AndroidManifest.xml:8:9-11:40
97            android:name="com.squareup.picasso.PicassoProvider"
97-->[com.squareup.picasso:picasso:2.71828] AndroidManifest.xml:9:13-64
98            android:authorities="com.example.coffeeuser.com.squareup.picasso"
98-->[com.squareup.picasso:picasso:2.71828] AndroidManifest.xml:10:13-72
99            android:exported="false" />
99-->[com.squareup.picasso:picasso:2.71828] AndroidManifest.xml:11:13-37
100        <provider
100-->[androidx.lifecycle:lifecycle-process:2.0.0] AndroidManifest.xml:23:9-27:43
101            android:name="androidx.lifecycle.ProcessLifecycleOwnerInitializer"
101-->[androidx.lifecycle:lifecycle-process:2.0.0] AndroidManifest.xml:24:13-79
102            android:authorities="com.example.coffeeuser.lifecycle-process"
102-->[androidx.lifecycle:lifecycle-process:2.0.0] AndroidManifest.xml:25:13-69
103            android:exported="false"
103-->[androidx.lifecycle:lifecycle-process:2.0.0] AndroidManifest.xml:26:13-37
104            android:multiprocess="true" />
104-->[androidx.lifecycle:lifecycle-process:2.0.0] AndroidManifest.xml:27:13-40
105    </application>
106
107</manifest>